<?xml version="1.0" encoding="UTF-8"?>
<!-- Generated by org.testng.reporters.JUnitReportReporter -->
<testsuite hostname="MAVPUN05222550" failures="0" tests="2" name="runner.RunCucumberTest" time="56.808" errors="0" timestamp="2024-08-09T14:33:25 IST" skipped="0">
  <testcase classname="runner.RunCucumberTest" name="runScenario" time="27.314"/>
  <system-out/>
  <testcase classname="runner.RunCucumberTest" name="runScenario" time="29.494"/>
  <system-out/>
</testsuite> <!-- runner.RunCucumberTest -->
