<?xml version="1.0" encoding="UTF-8"?>
<!-- Generated by org.testng.reporters.JUnitReportReporter -->
<testsuite hostname="MAVPUN05222550" failures="0" tests="2" name="runner.RunCucumberTest" time="39.083" errors="0" timestamp="2024-08-09T17:12:36 IST" skipped="0">
  <testcase classname="runner.RunCucumberTest" name="runScenario" time="18.023"/>
  <system-out/>
  <testcase classname="runner.RunCucumberTest" name="runScenario" time="21.060"/>
  <system-out/>
</testsuite> <!-- runner.RunCucumberTest -->
