<?xml version="1.0" encoding="UTF-8"?>
<!-- Generated by org.testng.reporters.JUnitReportReporter -->
<testsuite hostname="MAVPUN05222550" failures="0" tests="1" name="learnCucumberTestNG.learnCucumberTestNG.RunCucumberTest" time="0.068" errors="0" timestamp="2024-08-08T15:02:39 IST" skipped="0">
  <testcase classname="learnCucumberTestNG.learnCucumberTestNG.RunCucumberTest" name="runScenario" time="0.068"/>
  <system-out/>
</testsuite> <!-- learnCucumberTestNG.learnCucumberTestNG.RunCucumberTest -->
