<?xml version="1.0" encoding="UTF-8"?>
<!-- Generated by org.testng.reporters.JUnitReportReporter -->
<testsuite hostname="MAVPUN05222550" failures="0" tests="2" name="learnCucumberTestNG.RunCucumberTest" time="68.927" errors="0" timestamp="2024-08-09T12:45:38 IST" skipped="0">
  <testcase classname="learnCucumberTestNG.RunCucumberTest" name="runScenario" time="33.759"/>
  <system-out/>
  <testcase classname="learnCucumberTestNG.RunCucumberTest" name="runScenario" time="35.168"/>
  <system-out/>
</testsuite> <!-- learnCucumberTestNG.RunCucumberTest -->
